  [1m[35m (969.4ms)[0m  [1m[35mCREATE TABLE "schema_migrations" ("version" character varying NOT NULL PRIMARY KEY)[0m
  [1m[35m (180.8ms)[0m  [1m[35mCREATE TABLE "ar_internal_metadata" ("key" character varying NOT NULL PRIMARY KEY, "value" character varying, "created_at" timestamp(6) NOT NULL, "updated_at" timestamp(6) NOT NULL)[0m
  [1m[35m (0.4ms)[0m  [1m[34mSELECT pg_try_advisory_lock(165216560776249920)[0m
  [1m[35m (0.6ms)[0m  [1m[34mSELECT "schema_migrations"."version" FROM "schema_migrations" ORDER BY "schema_migrations"."version" ASC[0m
Migrating to CreateEducationalInstitutions (20210324180312)
  [1m[36mTRANSACTION (0.1ms)[0m  [1m[35mBEGIN[0m
  [1m[35m (121.9ms)[0m  [1m[35mCREATE TABLE "educational_institutions" ("id" bigserial primary key, "name" character varying, "cnpj" character varying, "type" character varying, "created_at" timestamp(6) NOT NULL, "updated_at" timestamp(6) NOT NULL)[0m
  [1m[36mActiveRecord::SchemaMigration Create (1.3ms)[0m  [1m[32mINSERT INTO "schema_migrations" ("version") VALUES ($1) RETURNING "version"[0m  [["version", "20210324180312"]]
  [1m[36mTRANSACTION (33.4ms)[0m  [1m[35mCOMMIT[0m
  [1m[36mActiveRecord::InternalMetadata Load (0.6ms)[0m  [1m[34mSELECT "ar_internal_metadata".* FROM "ar_internal_metadata" WHERE "ar_internal_metadata"."key" = $1 LIMIT $2[0m  [["key", "environment"], ["LIMIT", 1]]
  [1m[36mTRANSACTION (0.2ms)[0m  [1m[35mBEGIN[0m
  [1m[36mActiveRecord::InternalMetadata Create (1.0ms)[0m  [1m[32mINSERT INTO "ar_internal_metadata" ("key", "value", "created_at", "updated_at") VALUES ($1, $2, $3, $4) RETURNING "key"[0m  [["key", "environment"], ["value", "development"], ["created_at", "2021-03-24 18:03:44.042011"], ["updated_at", "2021-03-24 18:03:44.042011"]]
  [1m[36mTRANSACTION (29.7ms)[0m  [1m[35mCOMMIT[0m
  [1m[35m (0.5ms)[0m  [1m[34mSELECT pg_advisory_unlock(165216560776249920)[0m
  [1m[35m (0.6ms)[0m  [1m[34mSELECT "schema_migrations"."version" FROM "schema_migrations" ORDER BY "schema_migrations"."version" ASC[0m
Started GET "/api/v1/educational_institutional" for ::1 at 2021-03-24 15:34:41 -0300
  [1m[35m (0.7ms)[0m  [1m[34mSELECT "schema_migrations"."version" FROM "schema_migrations" ORDER BY "schema_migrations"."version" ASC[0m
  
ActionController::RoutingError (No route matches [GET] "/api/v1/educational_institutional"):
  
Started GET "/api/v1/educational_institution" for ::1 at 2021-03-24 15:42:09 -0300
  [1m[35m (3.0ms)[0m  [1m[34mSELECT "schema_migrations"."version" FROM "schema_migrations" ORDER BY "schema_migrations"."version" ASC[0m
  
ActionController::RoutingError (No route matches [GET] "/api/v1/educational_institution"):
  
Started GET "/api/v1/educational_institutions" for ::1 at 2021-03-24 15:42:40 -0300
  
ActionController::RoutingError (uninitialized constant Api::V1::EducationalInstitutionsController
Did you mean?  Api::V1::EducationalInstitutionController):
  
Started GET "/api/v1/educational_institutions" for ::1 at 2021-03-24 15:44:32 -0300
  
ActionController::RoutingError (uninitialized constant Api::V1::EducationalInstitutionsController
Did you mean?  Api::V1::EducationalInstitutionController):
  
Started GET "/api/v1/educational_institutions" for ::1 at 2021-03-24 15:46:09 -0300
Processing by Api::V1::EducationalInstitutionsController#index as */*
  [1m[36mEducationalInstitution Load (12.8ms)[0m  [1m[34mSELECT "educational_institutions".* FROM "educational_institutions" ORDER BY id DESC[0m
  ↳ app/controllers/api/v1/educational_institutions_controller.rb:4:in `index'
Completed 200 OK in 25ms (Views: 3.3ms | ActiveRecord: 12.8ms | Allocations: 4505)


  [1m[36mTRANSACTION (0.2ms)[0m  [1m[35mBEGIN[0m
  [1m[36mEducationalInstitution Create (1.1ms)[0m  [1m[32mINSERT INTO "educational_institutions" ("name", "cnpj", "type", "created_at", "updated_at") VALUES ($1, $2, $3, $4, $5) RETURNING "id"[0m  [["name", "Unip"], ["cnpj", "123.456.789"], ["type", "Universidade"], ["created_at", "2021-03-24 19:08:10.818976"], ["updated_at", "2021-03-24 19:08:10.818976"]]
  [1m[36mTRANSACTION (95.0ms)[0m  [1m[35mCOMMIT[0m
  [1m[36mEducationalInstitution Load (0.5ms)[0m  [1m[34mSELECT "educational_institutions".* FROM "educational_institutions" WHERE "educational_institutions"."id" = $1 LIMIT $2[0m  [["id", 1], ["LIMIT", 1]]
  [1m[35m (0.3ms)[0m  [1m[34mSELECT "schema_migrations"."version" FROM "schema_migrations" ORDER BY "schema_migrations"."version" ASC[0m
  [1m[35m (0.3ms)[0m  [1m[34mSELECT "ar_internal_metadata"."value" FROM "ar_internal_metadata" WHERE "ar_internal_metadata"."key" = $1[0m  [["key", "environment"]]
  [1m[35m (0.3ms)[0m  [1m[34mSELECT "schema_migrations"."version" FROM "schema_migrations" ORDER BY "schema_migrations"."version" ASC[0m
  [1m[35m (0.2ms)[0m  [1m[34mSELECT "ar_internal_metadata"."value" FROM "ar_internal_metadata" WHERE "ar_internal_metadata"."key" = $1[0m  [["key", "environment"]]
  [1m[35m (0.2ms)[0m  [1m[34mSELECT "schema_migrations"."version" FROM "schema_migrations" ORDER BY "schema_migrations"."version" ASC[0m
  [1m[35m (0.2ms)[0m  [1m[34mSELECT "ar_internal_metadata"."value" FROM "ar_internal_metadata" WHERE "ar_internal_metadata"."key" = $1[0m  [["key", "environment"]]
  [1m[35m (987.9ms)[0m  [1m[35mDROP DATABASE IF EXISTS "bilinho_development"[0m
  [1m[35m (838.7ms)[0m  [1m[35mDROP DATABASE IF EXISTS "bilinho_test"[0m
  [1m[35m (2334.0ms)[0m  [1m[35mCREATE DATABASE "bilinho_development" ENCODING = 'unicode'[0m
  [1m[35m (1964.2ms)[0m  [1m[35mCREATE DATABASE "bilinho_test" ENCODING = 'unicode'[0m
  [1m[35m (240.0ms)[0m  [1m[35mCREATE TABLE "schema_migrations" ("version" character varying NOT NULL PRIMARY KEY)[0m
  [1m[35m (315.3ms)[0m  [1m[35mCREATE TABLE "ar_internal_metadata" ("key" character varying NOT NULL PRIMARY KEY, "value" character varying, "created_at" timestamp(6) NOT NULL, "updated_at" timestamp(6) NOT NULL)[0m
  [1m[35m (0.3ms)[0m  [1m[34mSELECT pg_try_advisory_lock(165216560776249920)[0m
  [1m[35m (0.5ms)[0m  [1m[34mSELECT "schema_migrations"."version" FROM "schema_migrations" ORDER BY "schema_migrations"."version" ASC[0m
Migrating to CreateEducationalInstitutions (20210324180312)
  [1m[36mTRANSACTION (0.3ms)[0m  [1m[35mBEGIN[0m
  [1m[35m (349.5ms)[0m  [1m[35mCREATE TABLE "educational_institutions" ("id" bigserial primary key, "name" character varying, "cnpj" character varying, "institution_type" character varying, "created_at" timestamp(6) NOT NULL, "updated_at" timestamp(6) NOT NULL)[0m
  [1m[36mActiveRecord::SchemaMigration Create (0.8ms)[0m  [1m[32mINSERT INTO "schema_migrations" ("version") VALUES ($1) RETURNING "version"[0m  [["version", "20210324180312"]]
  [1m[36mTRANSACTION (62.3ms)[0m  [1m[35mCOMMIT[0m
  [1m[36mActiveRecord::InternalMetadata Load (0.5ms)[0m  [1m[34mSELECT "ar_internal_metadata".* FROM "ar_internal_metadata" WHERE "ar_internal_metadata"."key" = $1 LIMIT $2[0m  [["key", "environment"], ["LIMIT", 1]]
  [1m[36mTRANSACTION (0.2ms)[0m  [1m[35mBEGIN[0m
  [1m[36mActiveRecord::InternalMetadata Create (0.5ms)[0m  [1m[32mINSERT INTO "ar_internal_metadata" ("key", "value", "created_at", "updated_at") VALUES ($1, $2, $3, $4) RETURNING "key"[0m  [["key", "environment"], ["value", "development"], ["created_at", "2021-03-24 19:12:43.024147"], ["updated_at", "2021-03-24 19:12:43.024147"]]
  [1m[36mTRANSACTION (31.4ms)[0m  [1m[35mCOMMIT[0m
  [1m[35m (0.6ms)[0m  [1m[34mSELECT pg_advisory_unlock(165216560776249920)[0m
  [1m[35m (0.7ms)[0m  [1m[34mSELECT "schema_migrations"."version" FROM "schema_migrations" ORDER BY "schema_migrations"."version" ASC[0m
  [1m[36mTRANSACTION (0.4ms)[0m  [1m[35mBEGIN[0m
  [1m[36mEducationalInstitution Create (3.7ms)[0m  [1m[32mINSERT INTO "educational_institutions" ("name", "cnpj", "institution_type", "created_at", "updated_at") VALUES ($1, $2, $3, $4, $5) RETURNING "id"[0m  [["name", "Unip"], ["cnpj", "123.456.78"], ["institution_type", "Universidade"], ["created_at", "2021-03-24 19:13:54.817793"], ["updated_at", "2021-03-24 19:13:54.817793"]]
  [1m[36mTRANSACTION (61.2ms)[0m  [1m[35mCOMMIT[0m
Started GET "/api/v1/educational_institutions" for ::1 at 2021-03-24 16:14:13 -0300
  [1m[35m (0.5ms)[0m  [1m[34mSELECT "schema_migrations"."version" FROM "schema_migrations" ORDER BY "schema_migrations"."version" ASC[0m
Processing by Api::V1::EducationalInstitutionsController#index as */*
  [1m[36mEducationalInstitution Load (0.5ms)[0m  [1m[34mSELECT "educational_institutions".* FROM "educational_institutions" ORDER BY id DESC[0m
  ↳ app/controllers/api/v1/educational_institutions_controller.rb:5:in `index'
Completed 200 OK in 14ms (Views: 6.3ms | ActiveRecord: 3.7ms | Allocations: 7261)


  [1m[36mTRANSACTION (0.1ms)[0m  [1m[35mBEGIN[0m
  [1m[36mEducationalInstitution Create (0.5ms)[0m  [1m[32mINSERT INTO "educational_institutions" ("name", "cnpj", "institution_type", "created_at", "updated_at") VALUES ($1, $2, $3, $4, $5) RETURNING "id"[0m  [["name", "Cantinho da Criança"], ["cnpj", "11.439.293/0001-24"], ["institution_type", "Creche"], ["created_at", "2021-03-25 13:54:26.762312"], ["updated_at", "2021-03-25 13:54:26.762312"]]
  [1m[36mTRANSACTION (36.7ms)[0m  [1m[35mCOMMIT[0m
Started GET "/api/v1/educational_institutions" for ::1 at 2021-03-25 10:54:51 -0300
  [1m[35m (0.8ms)[0m  [1m[34mSELECT "schema_migrations"."version" FROM "schema_migrations" ORDER BY "schema_migrations"."version" ASC[0m
Processing by Api::V1::EducationalInstitutionsController#index as */*
  [1m[36mEducationalInstitution Load (0.5ms)[0m  [1m[34mSELECT "educational_institutions".* FROM "educational_institutions" ORDER BY id DESC[0m
  ↳ app/controllers/api/v1/educational_institutions_controller.rb:5:in `index'
Completed 200 OK in 11ms (Views: 5.2ms | ActiveRecord: 2.7ms | Allocations: 7369)


  [1m[36mTRANSACTION (0.2ms)[0m  [1m[35mBEGIN[0m
  [1m[36mEducationalInstitution Create (0.4ms)[0m  [1m[32mINSERT INTO "educational_institutions" ("name", "cnpj", "institution_type", "created_at", "updated_at") VALUES ($1, $2, $3, $4, $5) RETURNING "id"[0m  [["name", "Escola Monteiro Lobato"], ["cnpj", "03.042.164/0001-70"], ["institution_type", "Escola"], ["created_at", "2021-03-25 14:00:19.742377"], ["updated_at", "2021-03-25 14:00:19.742377"]]
  [1m[36mTRANSACTION (41.8ms)[0m  [1m[35mCOMMIT[0m
Started GET "/api/v1/educational_institutions" for ::1 at 2021-03-25 11:12:07 -0300
  [1m[35m (0.5ms)[0m  [1m[34mSELECT "schema_migrations"."version" FROM "schema_migrations" ORDER BY "schema_migrations"."version" ASC[0m
Processing by Api::V1::EducationalInstitutionsController#index as */*
  [1m[36mEducationalInstitution Load (0.6ms)[0m  [1m[34mSELECT "educational_institutions".* FROM "educational_institutions" ORDER BY id DESC[0m
  ↳ app/controllers/api/v1/educational_institutions_controller.rb:5:in `index'
Completed 200 OK in 13ms (Views: 5.0ms | ActiveRecord: 2.6ms | Allocations: 7477)


Started POST "/api/v1/educational_institution" for ::1 at 2021-03-25 15:30:40 -0300
  
ActionController::RoutingError (No route matches [POST] "/api/v1/educational_institution"):
  
Started POST "/api/v1/educational_institutions" for ::1 at 2021-03-25 15:34:00 -0300
Processing by Api::V1::EducationalInstitutionsController#create as */*
Completed 422 Unprocessable Entity in 39ms (Views: 7.8ms | ActiveRecord: 17.3ms | Allocations: 9338)


Started POST "/api/v1/educational_institutions" for ::1 at 2021-03-25 15:36:33 -0300
Processing by Api::V1::EducationalInstitutionsController#create as */*
Completed 422 Unprocessable Entity in 2ms (Views: 1.6ms | ActiveRecord: 0.0ms | Allocations: 1190)


Started POST "/api/v1/educational_institutions" for ::1 at 2021-03-25 15:36:53 -0300
Processing by Api::V1::EducationalInstitutionsController#create as */*
  Parameters: {"name"=>"Unibta", "cnpj"=>"06.123.247/0001-81", "institution_type"=>"Universidade", "educational_institution"=>{"name"=>"Unibta", "cnpj"=>"06.123.247/0001-81", "institution_type"=>"Universidade"}}
[31mUnpermitted parameter: :educational_institution[0m
  [1m[36mTRANSACTION (0.2ms)[0m  [1m[35mBEGIN[0m
  ↳ app/controllers/api/v1/educational_institutions_controller.rb:17:in `create'
  [1m[36mEducationalInstitution Create (0.8ms)[0m  [1m[32mINSERT INTO "educational_institutions" ("name", "cnpj", "institution_type", "created_at", "updated_at") VALUES ($1, $2, $3, $4, $5) RETURNING "id"[0m  [["name", "Unibta"], ["cnpj", "06.123.247/0001-81"], ["institution_type", "Universidade"], ["created_at", "2021-03-25 18:36:53.584744"], ["updated_at", "2021-03-25 18:36:53.584744"]]
  ↳ app/controllers/api/v1/educational_institutions_controller.rb:17:in `create'
  [1m[36mTRANSACTION (105.7ms)[0m  [1m[35mCOMMIT[0m
  ↳ app/controllers/api/v1/educational_institutions_controller.rb:17:in `create'
Completed 500 Internal Server Error in 124ms (ActiveRecord: 106.7ms | Allocations: 2008)


  
ArgumentError (Unrecognized status code :create):
  
app/controllers/api/v1/educational_institutions_controller.rb:18:in `create'
Started POST "/api/v1/educational_institutions" for ::1 at 2021-03-25 15:39:20 -0300
Processing by Api::V1::EducationalInstitutionsController#create as */*
  Parameters: {"name"=>"Unibta", "cnpj"=>"06.123.247/0001-81", "institution_type"=>"Universidade", "educational_institution"=>{"name"=>"Unibta", "cnpj"=>"06.123.247/0001-81", "institution_type"=>"Universidade"}}
[31mUnpermitted parameter: :educational_institution[0m
  [1m[36mTRANSACTION (0.1ms)[0m  [1m[35mBEGIN[0m
  ↳ app/controllers/api/v1/educational_institutions_controller.rb:17:in `create'
  [1m[36mEducationalInstitution Create (0.4ms)[0m  [1m[32mINSERT INTO "educational_institutions" ("name", "cnpj", "institution_type", "created_at", "updated_at") VALUES ($1, $2, $3, $4, $5) RETURNING "id"[0m  [["name", "Unibta"], ["cnpj", "06.123.247/0001-81"], ["institution_type", "Universidade"], ["created_at", "2021-03-25 18:39:21.025313"], ["updated_at", "2021-03-25 18:39:21.025313"]]
  ↳ app/controllers/api/v1/educational_institutions_controller.rb:17:in `create'
  [1m[36mTRANSACTION (109.2ms)[0m  [1m[35mCOMMIT[0m
  ↳ app/controllers/api/v1/educational_institutions_controller.rb:17:in `create'
Completed 201 Created in 125ms (Views: 3.8ms | ActiveRecord: 115.3ms | Allocations: 4595)


Started GET "/api/v1/educational_institutions" for ::1 at 2021-03-25 15:39:40 -0300
Processing by Api::V1::EducationalInstitutionsController#index as */*
  [1m[36mEducationalInstitution Load (0.8ms)[0m  [1m[34mSELECT "educational_institutions".* FROM "educational_institutions" ORDER BY id DESC[0m
  ↳ app/controllers/api/v1/educational_institutions_controller.rb:5:in `index'
Completed 200 OK in 9ms (Views: 2.5ms | ActiveRecord: 0.8ms | Allocations: 1263)


  [1m[36mEducationalInstitution Exists? (32.7ms)[0m  [1m[34mSELECT 1 AS one FROM "educational_institutions" WHERE "educational_institutions"."name" IS NULL LIMIT $1[0m  [["LIMIT", 1]]
  [1m[36mEducationalInstitution Exists? (0.7ms)[0m  [1m[34mSELECT 1 AS one FROM "educational_institutions" WHERE "educational_institutions"."cnpj" IS NULL LIMIT $1[0m  [["LIMIT", 1]]
  [1m[36mEducationalInstitution Exists? (0.5ms)[0m  [1m[34mSELECT 1 AS one FROM "educational_institutions" WHERE "educational_institutions"."name" = $1 LIMIT $2[0m  [["name", "Fatec"], ["LIMIT", 1]]
  [1m[36mEducationalInstitution Exists? (1.0ms)[0m  [1m[34mSELECT 1 AS one FROM "educational_institutions" WHERE "educational_institutions"."cnpj" = $1 LIMIT $2[0m  [["cnpj", "123$566&89900ASD"], ["LIMIT", 1]]
  [1m[36mTRANSACTION (0.3ms)[0m  [1m[35mBEGIN[0m
  [1m[36mEducationalInstitution Exists? (2.5ms)[0m  [1m[34mSELECT 1 AS one FROM "educational_institutions" WHERE "educational_institutions"."name" = $1 LIMIT $2[0m  [["name", "Fatec"], ["LIMIT", 1]]
  [1m[36mEducationalInstitution Exists? (3.1ms)[0m  [1m[34mSELECT 1 AS one FROM "educational_institutions" WHERE "educational_institutions"."cnpj" = $1 LIMIT $2[0m  [["cnpj", "123$566&89900ASD"], ["LIMIT", 1]]
  [1m[36mTRANSACTION (0.2ms)[0m  [1m[31mROLLBACK[0m
  [1m[36mTRANSACTION (0.5ms)[0m  [1m[35mBEGIN[0m
  [1m[36mEducationalInstitution Exists? (1.1ms)[0m  [1m[34mSELECT 1 AS one FROM "educational_institutions" WHERE "educational_institutions"."name" = $1 LIMIT $2[0m  [["name", "Fatec"], ["LIMIT", 1]]
  [1m[36mEducationalInstitution Exists? (0.4ms)[0m  [1m[34mSELECT 1 AS one FROM "educational_institutions" WHERE "educational_institutions"."cnpj" = $1 LIMIT $2[0m  [["cnpj", "89252431000159"], ["LIMIT", 1]]
  [1m[36mTRANSACTION (0.2ms)[0m  [1m[31mROLLBACK[0m
  [1m[36mTRANSACTION (0.2ms)[0m  [1m[35mBEGIN[0m
  [1m[36mEducationalInstitution Exists? (0.7ms)[0m  [1m[34mSELECT 1 AS one FROM "educational_institutions" WHERE "educational_institutions"."name" = $1 LIMIT $2[0m  [["name", "Fatec"], ["LIMIT", 1]]
  [1m[36mEducationalInstitution Exists? (1.2ms)[0m  [1m[34mSELECT 1 AS one FROM "educational_institutions" WHERE "educational_institutions"."cnpj" = $1 LIMIT $2[0m  [["cnpj", "89252431000159"], ["LIMIT", 1]]
  [1m[36mEducationalInstitution Create (79.7ms)[0m  [1m[32mINSERT INTO "educational_institutions" ("name", "cnpj", "institution_type", "created_at", "updated_at") VALUES ($1, $2, $3, $4, $5) RETURNING "id"[0m  [["name", "Fatec"], ["cnpj", "89252431000159"], ["institution_type", "Universidade"], ["created_at", "2021-03-30 13:17:33.217583"], ["updated_at", "2021-03-30 13:17:33.217583"]]
  [1m[36mTRANSACTION (29.8ms)[0m  [1m[35mCOMMIT[0m
Started GET "/api/v1/students" for ::1 at 2021-03-30 11:14:46 -0300
  [1m[35m (58.4ms)[0m  [1m[34mSELECT "schema_migrations"."version" FROM "schema_migrations" ORDER BY "schema_migrations"."version" ASC[0m
  [1m[35mCACHE  (0.1ms)[0m  [1m[34mSELECT "schema_migrations"."version" FROM "schema_migrations" ORDER BY "schema_migrations"."version" ASC[0m
  
ActiveRecord::PendingMigrationError (

Migrations are pending. To resolve this issue, run:

        bin/rails db:migrate RAILS_ENV=development

You have 1 pending migration:

20210325184926_create_students.rb


):
  
activerecord (6.1.3) lib/active_record/migration.rb:625:in `check_pending!'
activerecord (6.1.3) lib/active_record/migration.rb:590:in `block (2 levels) in call'
activesupport (6.1.3) lib/active_support/evented_file_update_checker.rb:59:in `execute'
activerecord (6.1.3) lib/active_record/migration.rb:595:in `block in call'
activerecord (6.1.3) lib/active_record/migration.rb:587:in `synchronize'
activerecord (6.1.3) lib/active_record/migration.rb:587:in `call'
actionpack (6.1.3) lib/action_dispatch/middleware/callbacks.rb:27:in `block in call'
activesupport (6.1.3) lib/active_support/callbacks.rb:98:in `run_callbacks'
actionpack (6.1.3) lib/action_dispatch/middleware/callbacks.rb:26:in `call'
actionpack (6.1.3) lib/action_dispatch/middleware/executor.rb:14:in `call'
actionpack (6.1.3) lib/action_dispatch/middleware/actionable_exceptions.rb:18:in `call'
actionpack (6.1.3) lib/action_dispatch/middleware/debug_exceptions.rb:29:in `call'
actionpack (6.1.3) lib/action_dispatch/middleware/show_exceptions.rb:33:in `call'
railties (6.1.3) lib/rails/rack/logger.rb:37:in `call_app'
railties (6.1.3) lib/rails/rack/logger.rb:26:in `block in call'
activesupport (6.1.3) lib/active_support/tagged_logging.rb:99:in `block in tagged'
activesupport (6.1.3) lib/active_support/tagged_logging.rb:37:in `tagged'
activesupport (6.1.3) lib/active_support/tagged_logging.rb:99:in `tagged'
railties (6.1.3) lib/rails/rack/logger.rb:26:in `call'
actionpack (6.1.3) lib/action_dispatch/middleware/remote_ip.rb:81:in `call'
actionpack (6.1.3) lib/action_dispatch/middleware/request_id.rb:26:in `call'
rack (2.2.3) lib/rack/runtime.rb:22:in `call'
activesupport (6.1.3) lib/active_support/cache/strategy/local_cache_middleware.rb:29:in `call'
actionpack (6.1.3) lib/action_dispatch/middleware/executor.rb:14:in `call'
actionpack (6.1.3) lib/action_dispatch/middleware/static.rb:24:in `call'
rack (2.2.3) lib/rack/sendfile.rb:110:in `call'
actionpack (6.1.3) lib/action_dispatch/middleware/host_authorization.rb:98:in `call'
railties (6.1.3) lib/rails/engine.rb:539:in `call'
puma (5.2.2) lib/puma/configuration.rb:248:in `call'
puma (5.2.2) lib/puma/request.rb:76:in `block in handle_request'
puma (5.2.2) lib/puma/thread_pool.rb:337:in `with_force_shutdown'
puma (5.2.2) lib/puma/request.rb:75:in `handle_request'
puma (5.2.2) lib/puma/server.rb:431:in `process_client'
puma (5.2.2) lib/puma/thread_pool.rb:145:in `block in spawn_thread'
Started GET "/api/v1/students" for ::1 at 2021-03-30 11:15:55 -0300
  [1m[35m (0.6ms)[0m  [1m[34mSELECT "schema_migrations"."version" FROM "schema_migrations" ORDER BY "schema_migrations"."version" ASC[0m
  [1m[35mCACHE  (0.0ms)[0m  [1m[34mSELECT "schema_migrations"."version" FROM "schema_migrations" ORDER BY "schema_migrations"."version" ASC[0m
  
ActiveRecord::PendingMigrationError (

Migrations are pending. To resolve this issue, run:

        bin/rails db:migrate RAILS_ENV=development

You have 1 pending migration:

20210325184926_create_students.rb


):
  
activerecord (6.1.3) lib/active_record/migration.rb:625:in `check_pending!'
activerecord (6.1.3) lib/active_record/migration.rb:590:in `block (2 levels) in call'
activesupport (6.1.3) lib/active_support/evented_file_update_checker.rb:59:in `execute'
activerecord (6.1.3) lib/active_record/migration.rb:595:in `block in call'
activerecord (6.1.3) lib/active_record/migration.rb:587:in `synchronize'
activerecord (6.1.3) lib/active_record/migration.rb:587:in `call'
actionpack (6.1.3) lib/action_dispatch/middleware/callbacks.rb:27:in `block in call'
activesupport (6.1.3) lib/active_support/callbacks.rb:98:in `run_callbacks'
actionpack (6.1.3) lib/action_dispatch/middleware/callbacks.rb:26:in `call'
actionpack (6.1.3) lib/action_dispatch/middleware/executor.rb:14:in `call'
actionpack (6.1.3) lib/action_dispatch/middleware/actionable_exceptions.rb:18:in `call'
actionpack (6.1.3) lib/action_dispatch/middleware/debug_exceptions.rb:29:in `call'
actionpack (6.1.3) lib/action_dispatch/middleware/show_exceptions.rb:33:in `call'
railties (6.1.3) lib/rails/rack/logger.rb:37:in `call_app'
railties (6.1.3) lib/rails/rack/logger.rb:26:in `block in call'
activesupport (6.1.3) lib/active_support/tagged_logging.rb:99:in `block in tagged'
activesupport (6.1.3) lib/active_support/tagged_logging.rb:37:in `tagged'
activesupport (6.1.3) lib/active_support/tagged_logging.rb:99:in `tagged'
railties (6.1.3) lib/rails/rack/logger.rb:26:in `call'
actionpack (6.1.3) lib/action_dispatch/middleware/remote_ip.rb:81:in `call'
actionpack (6.1.3) lib/action_dispatch/middleware/request_id.rb:26:in `call'
rack (2.2.3) lib/rack/runtime.rb:22:in `call'
activesupport (6.1.3) lib/active_support/cache/strategy/local_cache_middleware.rb:29:in `call'
actionpack (6.1.3) lib/action_dispatch/middleware/executor.rb:14:in `call'
actionpack (6.1.3) lib/action_dispatch/middleware/static.rb:24:in `call'
rack (2.2.3) lib/rack/sendfile.rb:110:in `call'
actionpack (6.1.3) lib/action_dispatch/middleware/host_authorization.rb:98:in `call'
railties (6.1.3) lib/rails/engine.rb:539:in `call'
puma (5.2.2) lib/puma/configuration.rb:248:in `call'
puma (5.2.2) lib/puma/request.rb:76:in `block in handle_request'
puma (5.2.2) lib/puma/thread_pool.rb:337:in `with_force_shutdown'
puma (5.2.2) lib/puma/request.rb:75:in `handle_request'
puma (5.2.2) lib/puma/server.rb:431:in `process_client'
puma (5.2.2) lib/puma/thread_pool.rb:145:in `block in spawn_thread'
Started GET "/api/v1/students" for ::1 at 2021-03-30 11:15:56 -0300
  [1m[35m (0.4ms)[0m  [1m[34mSELECT "schema_migrations"."version" FROM "schema_migrations" ORDER BY "schema_migrations"."version" ASC[0m
  [1m[35mCACHE  (0.0ms)[0m  [1m[34mSELECT "schema_migrations"."version" FROM "schema_migrations" ORDER BY "schema_migrations"."version" ASC[0m
  
ActiveRecord::PendingMigrationError (

Migrations are pending. To resolve this issue, run:

        bin/rails db:migrate RAILS_ENV=development

You have 1 pending migration:

20210325184926_create_students.rb


):
  
activerecord (6.1.3) lib/active_record/migration.rb:625:in `check_pending!'
activerecord (6.1.3) lib/active_record/migration.rb:590:in `block (2 levels) in call'
activesupport (6.1.3) lib/active_support/evented_file_update_checker.rb:59:in `execute'
activerecord (6.1.3) lib/active_record/migration.rb:595:in `block in call'
activerecord (6.1.3) lib/active_record/migration.rb:587:in `synchronize'
activerecord (6.1.3) lib/active_record/migration.rb:587:in `call'
actionpack (6.1.3) lib/action_dispatch/middleware/callbacks.rb:27:in `block in call'
activesupport (6.1.3) lib/active_support/callbacks.rb:98:in `run_callbacks'
actionpack (6.1.3) lib/action_dispatch/middleware/callbacks.rb:26:in `call'
actionpack (6.1.3) lib/action_dispatch/middleware/executor.rb:14:in `call'
actionpack (6.1.3) lib/action_dispatch/middleware/actionable_exceptions.rb:18:in `call'
actionpack (6.1.3) lib/action_dispatch/middleware/debug_exceptions.rb:29:in `call'
actionpack (6.1.3) lib/action_dispatch/middleware/show_exceptions.rb:33:in `call'
railties (6.1.3) lib/rails/rack/logger.rb:37:in `call_app'
railties (6.1.3) lib/rails/rack/logger.rb:26:in `block in call'
activesupport (6.1.3) lib/active_support/tagged_logging.rb:99:in `block in tagged'
activesupport (6.1.3) lib/active_support/tagged_logging.rb:37:in `tagged'
activesupport (6.1.3) lib/active_support/tagged_logging.rb:99:in `tagged'
railties (6.1.3) lib/rails/rack/logger.rb:26:in `call'
actionpack (6.1.3) lib/action_dispatch/middleware/remote_ip.rb:81:in `call'
actionpack (6.1.3) lib/action_dispatch/middleware/request_id.rb:26:in `call'
rack (2.2.3) lib/rack/runtime.rb:22:in `call'
activesupport (6.1.3) lib/active_support/cache/strategy/local_cache_middleware.rb:29:in `call'
actionpack (6.1.3) lib/action_dispatch/middleware/executor.rb:14:in `call'
actionpack (6.1.3) lib/action_dispatch/middleware/static.rb:24:in `call'
rack (2.2.3) lib/rack/sendfile.rb:110:in `call'
actionpack (6.1.3) lib/action_dispatch/middleware/host_authorization.rb:98:in `call'
railties (6.1.3) lib/rails/engine.rb:539:in `call'
puma (5.2.2) lib/puma/configuration.rb:248:in `call'
puma (5.2.2) lib/puma/request.rb:76:in `block in handle_request'
puma (5.2.2) lib/puma/thread_pool.rb:337:in `with_force_shutdown'
puma (5.2.2) lib/puma/request.rb:75:in `handle_request'
puma (5.2.2) lib/puma/server.rb:431:in `process_client'
puma (5.2.2) lib/puma/thread_pool.rb:145:in `block in spawn_thread'
  [1m[35m (0.1ms)[0m  [1m[34mSELECT pg_try_advisory_lock(165216560776249920)[0m
  [1m[35m (0.5ms)[0m  [1m[34mSELECT "schema_migrations"."version" FROM "schema_migrations" ORDER BY "schema_migrations"."version" ASC[0m
Migrating to CreateStudents (20210325184926)
  [1m[35m (0.3ms)[0m  [1m[34mSELECT pg_advisory_unlock(165216560776249920)[0m
  [1m[35m (0.1ms)[0m  [1m[34mSELECT pg_try_advisory_lock(165216560776249920)[0m
  [1m[35m (0.6ms)[0m  [1m[34mSELECT "schema_migrations"."version" FROM "schema_migrations" ORDER BY "schema_migrations"."version" ASC[0m
Migrating to CreateStudents (20210325184926)
  [1m[35m (1.9ms)[0m  [1m[34mSELECT pg_advisory_unlock(165216560776249920)[0m
  [1m[35m (0.1ms)[0m  [1m[34mSELECT pg_try_advisory_lock(165216560776249920)[0m
  [1m[35m (0.5ms)[0m  [1m[34mSELECT "schema_migrations"."version" FROM "schema_migrations" ORDER BY "schema_migrations"."version" ASC[0m
Migrating to CreateStudents (20210325184926)
  [1m[36mTRANSACTION (1.0ms)[0m  [1m[35mBEGIN[0m
  [1m[35m (721.4ms)[0m  [1m[35mCREATE TABLE "students" ("id" bigserial primary key, "name" character varying, "cpf" character varying, "birthday" date, "cellphone" integer, "gender" character varying, "payment_method" character varying, "created_at" timestamp(6) NOT NULL, "updated_at" timestamp(6) NOT NULL)[0m
  [1m[36mActiveRecord::SchemaMigration Create (1.1ms)[0m  [1m[32mINSERT INTO "schema_migrations" ("version") VALUES ($1) RETURNING "version"[0m  [["version", "20210325184926"]]
  [1m[36mTRANSACTION (45.7ms)[0m  [1m[35mCOMMIT[0m
  [1m[36mActiveRecord::InternalMetadata Load (43.6ms)[0m  [1m[34mSELECT "ar_internal_metadata".* FROM "ar_internal_metadata" WHERE "ar_internal_metadata"."key" = $1 LIMIT $2[0m  [["key", "environment"], ["LIMIT", 1]]
  [1m[35m (0.3ms)[0m  [1m[34mSELECT pg_advisory_unlock(165216560776249920)[0m
  [1m[35m (0.5ms)[0m  [1m[34mSELECT "schema_migrations"."version" FROM "schema_migrations" ORDER BY "schema_migrations"."version" ASC[0m
Started GET "/api/v1/students" for ::1 at 2021-03-30 11:33:54 -0300
  [1m[35m (0.9ms)[0m  [1m[34mSELECT "schema_migrations"."version" FROM "schema_migrations" ORDER BY "schema_migrations"."version" ASC[0m
Processing by Api::V1::StudentsController#index as */*
  [1m[36mStudent Load (10.1ms)[0m  [1m[34mSELECT "students".* FROM "students" ORDER BY id DESC[0m
  ↳ app/controllers/api/v1/students_controller.rb:5:in `index'
Completed 200 OK in 529ms (Views: 19.8ms | ActiveRecord: 14.4ms | Allocations: 4265)


  [1m[36mTRANSACTION (0.5ms)[0m  [1m[35mBEGIN[0m
  [1m[36mStudent Exists? (3.0ms)[0m  [1m[34mSELECT 1 AS one FROM "students" WHERE "students"."name" = $1 LIMIT $2[0m  [["name", "Stephanie da Silva Ferreira"], ["LIMIT", 1]]
  [1m[36mStudent Exists? (1.6ms)[0m  [1m[34mSELECT 1 AS one FROM "students" WHERE "students"."cpf" = $1 LIMIT $2[0m  [["cpf", "47515440805"], ["LIMIT", 1]]
  [1m[36mTRANSACTION (0.2ms)[0m  [1m[31mROLLBACK[0m
  [1m[36mTRANSACTION (0.4ms)[0m  [1m[35mBEGIN[0m
  [1m[36mStudent Exists? (2.0ms)[0m  [1m[34mSELECT 1 AS one FROM "students" WHERE "students"."name" = $1 LIMIT $2[0m  [["name", "Stephanie da Silva Ferreira"], ["LIMIT", 1]]
  [1m[36mStudent Exists? (0.9ms)[0m  [1m[34mSELECT 1 AS one FROM "students" WHERE "students"."cpf" = $1 LIMIT $2[0m  [["cpf", "47515440805"], ["LIMIT", 1]]
  [1m[36mStudent Create (2.7ms)[0m  [1m[32mINSERT INTO "students" ("name", "cpf", "gender", "payment_method", "created_at", "updated_at") VALUES ($1, $2, $3, $4, $5, $6) RETURNING "id"[0m  [["name", "Stephanie da Silva Ferreira"], ["cpf", "47515440805"], ["gender", "F"], ["payment_method", "Cartao"], ["created_at", "2021-03-30 14:50:47.255505"], ["updated_at", "2021-03-30 14:50:47.255505"]]
  [1m[36mTRANSACTION (60.8ms)[0m  [1m[35mCOMMIT[0m
Started GET "/api/v1/students" for ::1 at 2021-03-30 11:51:05 -0300
  [1m[35m (0.7ms)[0m  [1m[34mSELECT "schema_migrations"."version" FROM "schema_migrations" ORDER BY "schema_migrations"."version" ASC[0m
Processing by Api::V1::StudentsController#index as */*
  [1m[36mStudent Load (0.6ms)[0m  [1m[34mSELECT "students".* FROM "students" ORDER BY id DESC[0m
  ↳ app/controllers/api/v1/students_controller.rb:5:in `index'
Completed 200 OK in 25ms (Views: 14.5ms | ActiveRecord: 4.6ms | Allocations: 9350)


  [1m[35m (0.1ms)[0m  [1m[34mSELECT pg_try_advisory_lock(165216560776249920)[0m
  [1m[35m (0.6ms)[0m  [1m[34mSELECT "schema_migrations"."version" FROM "schema_migrations" ORDER BY "schema_migrations"."version" ASC[0m
Migrating to CreateEnrollments (20210330164608)
  [1m[36mTRANSACTION (0.1ms)[0m  [1m[35mBEGIN[0m
  [1m[35m (329.2ms)[0m  [1m[35mCREATE TABLE "enrollments" ("id" bigserial primary key, "value" decimal, "installment" integer, "due_date" integer, "course_name" character varying, "educational_institution_id" bigint NOT NULL, "student_id" bigint NOT NULL, "created_at" timestamp(6) NOT NULL, "updated_at" timestamp(6) NOT NULL, CONSTRAINT "fk_rails_63ef88d2c3"
FOREIGN KEY ("educational_institution_id")
  REFERENCES "educational_institutions" ("id")
, CONSTRAINT "fk_rails_f01c555e06"
FOREIGN KEY ("student_id")
  REFERENCES "students" ("id")
)[0m
  [1m[35m (57.2ms)[0m  [1m[35mCREATE INDEX "index_enrollments_on_educational_institution_id" ON "enrollments" ("educational_institution_id")[0m
  [1m[35m (48.3ms)[0m  [1m[35mCREATE INDEX "index_enrollments_on_student_id" ON "enrollments" ("student_id")[0m
  [1m[36mActiveRecord::SchemaMigration Create (0.4ms)[0m  [1m[32mINSERT INTO "schema_migrations" ("version") VALUES ($1) RETURNING "version"[0m  [["version", "20210330164608"]]
  [1m[36mTRANSACTION (45.4ms)[0m  [1m[35mCOMMIT[0m
  [1m[36mActiveRecord::InternalMetadata Load (0.6ms)[0m  [1m[34mSELECT "ar_internal_metadata".* FROM "ar_internal_metadata" WHERE "ar_internal_metadata"."key" = $1 LIMIT $2[0m  [["key", "environment"], ["LIMIT", 1]]
  [1m[35m (0.4ms)[0m  [1m[34mSELECT pg_advisory_unlock(165216560776249920)[0m
  [1m[35m (0.9ms)[0m  [1m[34mSELECT "schema_migrations"."version" FROM "schema_migrations" ORDER BY "schema_migrations"."version" ASC[0m
Started GET "/api/v1/students" for ::1 at 2021-03-30 14:33:05 -0300
  [1m[35m (0.4ms)[0m  [1m[34mSELECT "schema_migrations"."version" FROM "schema_migrations" ORDER BY "schema_migrations"."version" ASC[0m
  
SyntaxError (/home/stephanieferreira/projects/bilinho/app/controllers/api/v1/students_controller.rb:24: syntax error, unexpected end-of-input, expecting end):
  
app/controllers/api/v1/students_controller.rb:24: syntax error, unexpected end-of-input, expecting end
app/controllers/api/v1/students_controller.rb:24: syntax error, unexpected end-of-input, expecting end
Started GET "/api/v1/students" for ::1 at 2021-03-30 14:33:07 -0300
  
SyntaxError (/home/stephanieferreira/projects/bilinho/app/controllers/api/v1/students_controller.rb:24: syntax error, unexpected end-of-input, expecting end):
  
app/controllers/api/v1/students_controller.rb:24: syntax error, unexpected end-of-input, expecting end
app/controllers/api/v1/students_controller.rb:24: syntax error, unexpected end-of-input, expecting end
Started GET "/api/v1/students" for ::1 at 2021-03-30 14:33:30 -0300
  
SyntaxError (/home/stephanieferreira/projects/bilinho/app/controllers/api/v1/students_controller.rb:24: syntax error, unexpected end-of-input, expecting end):
  
app/controllers/api/v1/students_controller.rb:24: syntax error, unexpected end-of-input, expecting end
app/controllers/api/v1/students_controller.rb:24: syntax error, unexpected end-of-input, expecting end
Started GET "/api/v1/students" for ::1 at 2021-03-30 14:33:31 -0300
  
SyntaxError (/home/stephanieferreira/projects/bilinho/app/controllers/api/v1/students_controller.rb:24: syntax error, unexpected end-of-input, expecting end):
  
app/controllers/api/v1/students_controller.rb:24: syntax error, unexpected end-of-input, expecting end
app/controllers/api/v1/students_controller.rb:24: syntax error, unexpected end-of-input, expecting end
  [1m[35m (0.2ms)[0m  [1m[34mSELECT pg_try_advisory_lock(165216560776249920)[0m
  [1m[35m (0.3ms)[0m  [1m[34mSELECT "schema_migrations"."version" FROM "schema_migrations" ORDER BY "schema_migrations"."version" ASC[0m
  [1m[36mActiveRecord::InternalMetadata Load (0.3ms)[0m  [1m[34mSELECT "ar_internal_metadata".* FROM "ar_internal_metadata" WHERE "ar_internal_metadata"."key" = $1 LIMIT $2[0m  [["key", "environment"], ["LIMIT", 1]]
  [1m[35m (0.2ms)[0m  [1m[34mSELECT pg_advisory_unlock(165216560776249920)[0m
  [1m[35m (0.4ms)[0m  [1m[34mSELECT "schema_migrations"."version" FROM "schema_migrations" ORDER BY "schema_migrations"."version" ASC[0m
Started GET "/api/v1/enrollments" for ::1 at 2021-03-30 14:40:40 -0300
  [1m[35m (0.6ms)[0m  [1m[34mSELECT "schema_migrations"."version" FROM "schema_migrations" ORDER BY "schema_migrations"."version" ASC[0m
  
ActionController::RoutingError (uninitialized constant Api::V1::EnrollmentsController):
  
Started GET "/api/v1/enrollments" for ::1 at 2021-03-30 14:44:32 -0300
  [1m[35m (0.5ms)[0m  [1m[34mSELECT "schema_migrations"."version" FROM "schema_migrations" ORDER BY "schema_migrations"."version" ASC[0m
Processing by Api::V1::EnrollmentsController#index as */*
  [1m[36mEnrollment Load (0.9ms)[0m  [1m[34mSELECT "enrollments".* FROM "enrollments" ORDER BY id DESC[0m
  ↳ app/controllers/api/v1/enrollments_controller.rb:5:in `index'
Completed 200 OK in 36ms (Views: 2.7ms | ActiveRecord: 0.9ms | Allocations: 5184)


Started GET "/api/v1/students" for ::1 at 2021-03-30 14:52:35 -0300
  [1m[35m (0.6ms)[0m  [1m[34mSELECT "schema_migrations"."version" FROM "schema_migrations" ORDER BY "schema_migrations"."version" ASC[0m
  
SyntaxError (/home/stephanieferreira/projects/bilinho/app/controllers/api/v1/students_controller.rb:24: syntax error, unexpected end-of-input, expecting end):
  
app/controllers/api/v1/students_controller.rb:24: syntax error, unexpected end-of-input, expecting end
app/controllers/api/v1/students_controller.rb:24: syntax error, unexpected end-of-input, expecting end
Started GET "/api/v1/enrollments" for ::1 at 2021-03-30 14:53:13 -0300
  
SyntaxError (/home/stephanieferreira/projects/bilinho/app/controllers/api/v1/enrollments_controller.rb:24: syntax error, unexpected end-of-input, expecting end):
  
app/controllers/api/v1/enrollments_controller.rb:24: syntax error, unexpected end-of-input, expecting end
app/controllers/api/v1/enrollments_controller.rb:24: syntax error, unexpected end-of-input, expecting end
Started GET "/api/v1/educational_institutional" for ::1 at 2021-03-30 14:53:59 -0300
  
ActionController::RoutingError (No route matches [GET] "/api/v1/educational_institutional"):
  
Started GET "/api/v1/educational_institutionals" for ::1 at 2021-03-30 14:54:06 -0300
  
ActionController::RoutingError (No route matches [GET] "/api/v1/educational_institutionals"):
  
Started GET "/api/v1/educational_institutions" for ::1 at 2021-03-30 14:54:24 -0300
Processing by Api::V1::EducationalInstitutionsController#index as */*
  [1m[36mEducationalInstitution Load (1.2ms)[0m  [1m[34mSELECT "educational_institutions".* FROM "educational_institutions" ORDER BY id DESC[0m
  ↳ app/controllers/api/v1/educational_institutions_controller.rb:5:in `index'
Completed 200 OK in 23ms (Views: 8.6ms | ActiveRecord: 5.5ms | Allocations: 8134)


  [1m[36mTRANSACTION (3.1ms)[0m  [1m[35mBEGIN[0m
  [1m[36mEducationalInstitution Load (0.5ms)[0m  [1m[34mSELECT "educational_institutions".* FROM "educational_institutions" WHERE "educational_institutions"."id" = $1 LIMIT $2[0m  [["id", 1], ["LIMIT", 1]]
  [1m[36mStudent Load (0.5ms)[0m  [1m[34mSELECT "students".* FROM "students" WHERE "students"."id" = $1 LIMIT $2[0m  [["id", 1], ["LIMIT", 1]]
  [1m[36mEnrollment Create (1.3ms)[0m  [1m[32mINSERT INTO "enrollments" ("value", "installment", "due_date", "course_name", "educational_institution_id", "student_id", "created_at", "updated_at") VALUES ($1, $2, $3, $4, $5, $6, $7, $8) RETURNING "id"[0m  [["value", "123.9"], ["installment", 3], ["due_date", 15], ["course_name", "Analise em desenvolvimento"], ["educational_institution_id", 1], ["student_id", 1], ["created_at", "2021-03-30 18:54:06.507178"], ["updated_at", "2021-03-30 18:54:06.507178"]]
  [1m[36mTRANSACTION (119.8ms)[0m  [1m[35mCOMMIT[0m
  [1m[35m (0.1ms)[0m  [1m[34mSELECT pg_try_advisory_lock(165216560776249920)[0m
  [1m[35m (0.3ms)[0m  [1m[34mSELECT "schema_migrations"."version" FROM "schema_migrations" ORDER BY "schema_migrations"."version" ASC[0m
Migrating to CreatePayments (20210330231619)
  [1m[36mTRANSACTION (0.1ms)[0m  [1m[35mBEGIN[0m
  [1m[35m (161.5ms)[0m  [1m[35mCREATE TABLE "payments" ("id" bigserial primary key, "payment_value" decimal, "due_data" timestamp, "enrollment_id" bigint NOT NULL, "status" character varying, "created_at" timestamp(6) NOT NULL, "updated_at" timestamp(6) NOT NULL, CONSTRAINT "fk_rails_f7dc98b00c"
FOREIGN KEY ("enrollment_id")
  REFERENCES "enrollments" ("id")
)[0m
  [1m[35m (56.6ms)[0m  [1m[35mCREATE INDEX "index_payments_on_enrollment_id" ON "payments" ("enrollment_id")[0m
  [1m[36mActiveRecord::SchemaMigration Create (0.8ms)[0m  [1m[32mINSERT INTO "schema_migrations" ("version") VALUES ($1) RETURNING "version"[0m  [["version", "20210330231619"]]
  [1m[36mTRANSACTION (35.9ms)[0m  [1m[35mCOMMIT[0m
  [1m[36mActiveRecord::InternalMetadata Load (0.2ms)[0m  [1m[34mSELECT "ar_internal_metadata".* FROM "ar_internal_metadata" WHERE "ar_internal_metadata"."key" = $1 LIMIT $2[0m  [["key", "environment"], ["LIMIT", 1]]
  [1m[35m (0.2ms)[0m  [1m[34mSELECT pg_advisory_unlock(165216560776249920)[0m
  [1m[35m (0.4ms)[0m  [1m[34mSELECT "schema_migrations"."version" FROM "schema_migrations" ORDER BY "schema_migrations"."version" ASC[0m
Started GET "/api/v1/payments" for ::1 at 2021-03-31 08:12:59 -0300
  [1m[35m (0.3ms)[0m  [1m[34mSELECT "schema_migrations"."version" FROM "schema_migrations" ORDER BY "schema_migrations"."version" ASC[0m
Processing by Api::V1::PaymentsController#index as */*
  [1m[36mPayment Load (0.5ms)[0m  [1m[34mSELECT "payments".* FROM "payments" ORDER BY id DESC[0m
  ↳ app/controllers/api/v1/payments_controller.rb:5:in `index'
Completed 200 OK in 6ms (Views: 1.2ms | ActiveRecord: 0.5ms | Allocations: 4372)


Started GET "/api/v1/students" for ::1 at 2021-03-31 08:13:26 -0300
  
SyntaxError (/home/stephanieferreira/projects/bilinho/app/controllers/api/v1/students_controller.rb:26: syntax error, unexpected end-of-input, expecting end):
  
app/controllers/api/v1/students_controller.rb:26: syntax error, unexpected end-of-input, expecting end
app/controllers/api/v1/students_controller.rb:26: syntax error, unexpected end-of-input, expecting end
Started GET "/api/v1/students" for ::1 at 2021-03-31 08:17:21 -0300
Processing by Api::V1::StudentsController#index as */*
  [1m[36mStudent Load (0.3ms)[0m  [1m[34mSELECT "students".* FROM "students" ORDER BY id DESC[0m
  ↳ app/controllers/api/v1/students_controller.rb:5:in `index'
Completed 200 OK in 13ms (Views: 8.5ms | ActiveRecord: 3.0ms | Allocations: 6785)


Started GET "/api/v1/enrollments" for ::1 at 2021-03-31 08:18:03 -0300
Processing by Api::V1::EnrollmentsController#index as */*
  [1m[36mEnrollment Load (0.5ms)[0m  [1m[34mSELECT "enrollments".* FROM "enrollments" ORDER BY id DESC[0m
  ↳ app/controllers/api/v1/enrollments_controller.rb:5:in `index'
Completed 200 OK in 13ms (Views: 7.2ms | ActiveRecord: 2.9ms | Allocations: 6905)


  [1m[35m (0.4ms)[0m  [1m[34mSELECT "schema_migrations"."version" FROM "schema_migrations" ORDER BY "schema_migrations"."version" ASC[0m
  [1m[35m (0.2ms)[0m  [1m[34mSELECT "ar_internal_metadata"."value" FROM "ar_internal_metadata" WHERE "ar_internal_metadata"."key" = $1[0m  [["key", "environment"]]
  [1m[35m (0.2ms)[0m  [1m[34mSELECT "schema_migrations"."version" FROM "schema_migrations" ORDER BY "schema_migrations"."version" ASC[0m
  [1m[35m (0.2ms)[0m  [1m[34mSELECT "ar_internal_metadata"."value" FROM "ar_internal_metadata" WHERE "ar_internal_metadata"."key" = $1[0m  [["key", "environment"]]
  [1m[35m (0.3ms)[0m  [1m[34mSELECT "schema_migrations"."version" FROM "schema_migrations" ORDER BY "schema_migrations"."version" ASC[0m
  [1m[35m (0.2ms)[0m  [1m[34mSELECT "ar_internal_metadata"."value" FROM "ar_internal_metadata" WHERE "ar_internal_metadata"."key" = $1[0m  [["key", "environment"]]
  [1m[35m (696.6ms)[0m  [1m[35mDROP DATABASE IF EXISTS "bilinho_development"[0m
  [1m[35m (882.8ms)[0m  [1m[35mDROP DATABASE IF EXISTS "bilinho_test"[0m
  [1m[35m (1768.2ms)[0m  [1m[35mCREATE DATABASE "bilinho_development" ENCODING = 'unicode'[0m
  [1m[35m (1721.4ms)[0m  [1m[35mCREATE DATABASE "bilinho_test" ENCODING = 'unicode'[0m
  [1m[35m (444.1ms)[0m  [1m[35mCREATE TABLE "schema_migrations" ("version" character varying NOT NULL PRIMARY KEY)[0m
  [1m[35m (414.4ms)[0m  [1m[35mCREATE TABLE "ar_internal_metadata" ("key" character varying NOT NULL PRIMARY KEY, "value" character varying, "created_at" timestamp(6) NOT NULL, "updated_at" timestamp(6) NOT NULL)[0m
  [1m[35m (0.1ms)[0m  [1m[34mSELECT pg_try_advisory_lock(165216560776249920)[0m
  [1m[35m (0.3ms)[0m  [1m[34mSELECT "schema_migrations"."version" FROM "schema_migrations" ORDER BY "schema_migrations"."version" ASC[0m
Migrating to CreateEducationalInstitutions (20210324180312)
  [1m[36mTRANSACTION (0.2ms)[0m  [1m[35mBEGIN[0m
  [1m[35m (377.7ms)[0m  [1m[35mCREATE TABLE "educational_institutions" ("id" bigserial primary key, "name" character varying, "cnpj" character varying, "institution_type" character varying, "created_at" timestamp(6) NOT NULL, "updated_at" timestamp(6) NOT NULL)[0m
  [1m[36mActiveRecord::SchemaMigration Create (2.5ms)[0m  [1m[32mINSERT INTO "schema_migrations" ("version") VALUES ($1) RETURNING "version"[0m  [["version", "20210324180312"]]
  [1m[36mTRANSACTION (36.5ms)[0m  [1m[35mCOMMIT[0m
Migrating to CreateStudents (20210325184926)
  [1m[36mTRANSACTION (0.6ms)[0m  [1m[35mBEGIN[0m
  [1m[35m (291.2ms)[0m  [1m[35mCREATE TABLE "students" ("id" bigserial primary key, "name" character varying, "cpf" character varying, "birthday" date, "cellphone" integer, "gender" character varying, "payment_method" character varying, "created_at" timestamp(6) NOT NULL, "updated_at" timestamp(6) NOT NULL)[0m
  [1m[36mActiveRecord::SchemaMigration Create (0.3ms)[0m  [1m[32mINSERT INTO "schema_migrations" ("version") VALUES ($1) RETURNING "version"[0m  [["version", "20210325184926"]]
  [1m[36mTRANSACTION (43.7ms)[0m  [1m[35mCOMMIT[0m
Migrating to CreateEnrollments (20210330164608)
  [1m[36mTRANSACTION (0.2ms)[0m  [1m[35mBEGIN[0m
  [1m[35m (387.3ms)[0m  [1m[35mCREATE TABLE "enrollments" ("id" bigserial primary key, "value_total" decimal, "installments" integer, "due_date" integer, "course_name" character varying, "educational_institution_id" bigint NOT NULL, "student_id" bigint NOT NULL, "created_at" timestamp(6) NOT NULL, "updated_at" timestamp(6) NOT NULL, CONSTRAINT "fk_rails_63ef88d2c3"
FOREIGN KEY ("educational_institution_id")
  REFERENCES "educational_institutions" ("id")
, CONSTRAINT "fk_rails_f01c555e06"
FOREIGN KEY ("student_id")
  REFERENCES "students" ("id")
)[0m
  [1m[35m (208.3ms)[0m  [1m[35mCREATE INDEX "index_enrollments_on_educational_institution_id" ON "enrollments" ("educational_institution_id")[0m
  [1m[35m (57.7ms)[0m  [1m[35mCREATE INDEX "index_enrollments_on_student_id" ON "enrollments" ("student_id")[0m
  [1m[36mActiveRecord::SchemaMigration Create (0.5ms)[0m  [1m[32mINSERT INTO "schema_migrations" ("version") VALUES ($1) RETURNING "version"[0m  [["version", "20210330164608"]]
  [1m[36mTRANSACTION (44.1ms)[0m  [1m[35mCOMMIT[0m
Migrating to CreatePayments (20210330231619)
  [1m[36mTRANSACTION (0.2ms)[0m  [1m[35mBEGIN[0m
  [1m[35m (212.1ms)[0m  [1m[35mCREATE TABLE "payments" ("id" bigserial primary key, "payment_value" decimal, "due_data" timestamp, "enrollment_id" bigint NOT NULL, "status" character varying DEFAULT 'Aberta', "created_at" timestamp(6) NOT NULL, "updated_at" timestamp(6) NOT NULL, CONSTRAINT "fk_rails_f7dc98b00c"
FOREIGN KEY ("enrollment_id")
  REFERENCES "enrollments" ("id")
)[0m
  [1m[35m (143.0ms)[0m  [1m[35mCREATE INDEX "index_payments_on_enrollment_id" ON "payments" ("enrollment_id")[0m
  [1m[36mActiveRecord::SchemaMigration Create (0.7ms)[0m  [1m[32mINSERT INTO "schema_migrations" ("version") VALUES ($1) RETURNING "version"[0m  [["version", "20210330231619"]]
  [1m[36mTRANSACTION (42.7ms)[0m  [1m[35mCOMMIT[0m
  [1m[36mActiveRecord::InternalMetadata Load (0.2ms)[0m  [1m[34mSELECT "ar_internal_metadata".* FROM "ar_internal_metadata" WHERE "ar_internal_metadata"."key" = $1 LIMIT $2[0m  [["key", "environment"], ["LIMIT", 1]]
  [1m[36mTRANSACTION (0.2ms)[0m  [1m[35mBEGIN[0m
  [1m[36mActiveRecord::InternalMetadata Create (0.7ms)[0m  [1m[32mINSERT INTO "ar_internal_metadata" ("key", "value", "created_at", "updated_at") VALUES ($1, $2, $3, $4) RETURNING "key"[0m  [["key", "environment"], ["value", "development"], ["created_at", "2021-04-01 19:13:56.439088"], ["updated_at", "2021-04-01 19:13:56.439088"]]
  [1m[36mTRANSACTION (21.2ms)[0m  [1m[35mCOMMIT[0m
  [1m[35m (0.3ms)[0m  [1m[34mSELECT pg_advisory_unlock(165216560776249920)[0m
  [1m[35m (1.1ms)[0m  [1m[34mSELECT "schema_migrations"."version" FROM "schema_migrations" ORDER BY "schema_migrations"."version" ASC[0m
  [1m[35m (0.6ms)[0m  [1m[34mSELECT "schema_migrations"."version" FROM "schema_migrations" ORDER BY "schema_migrations"."version" ASC[0m
  [1m[35m (0.5ms)[0m  [1m[34mSELECT "schema_migrations"."version" FROM "schema_migrations" ORDER BY "schema_migrations"."version" ASC[0m
  [1m[35m (0.5ms)[0m  [1m[34mSELECT "schema_migrations"."version" FROM "schema_migrations" ORDER BY "schema_migrations"."version" ASC[0m
  [1m[35m (64.1ms)[0m  [1m[34mSELECT "schema_migrations"."version" FROM "schema_migrations" ORDER BY "schema_migrations"."version" ASC[0m
  [1m[35m (53.6ms)[0m  [1m[34mSELECT "ar_internal_metadata"."value" FROM "ar_internal_metadata" WHERE "ar_internal_metadata"."key" = $1[0m  [["key", "environment"]]
  [1m[35m (0.2ms)[0m  [1m[34mSELECT "schema_migrations"."version" FROM "schema_migrations" ORDER BY "schema_migrations"."version" ASC[0m
  [1m[35m (0.3ms)[0m  [1m[34mSELECT "ar_internal_metadata"."value" FROM "ar_internal_metadata" WHERE "ar_internal_metadata"."key" = $1[0m  [["key", "environment"]]
  [1m[35m (0.3ms)[0m  [1m[34mSELECT "schema_migrations"."version" FROM "schema_migrations" ORDER BY "schema_migrations"."version" ASC[0m
  [1m[35m (0.2ms)[0m  [1m[34mSELECT "ar_internal_metadata"."value" FROM "ar_internal_metadata" WHERE "ar_internal_metadata"."key" = $1[0m  [["key", "environment"]]
  [1m[35m (829.5ms)[0m  [1m[35mDROP DATABASE IF EXISTS "bilinho_development"[0m
  [1m[35m (699.5ms)[0m  [1m[35mDROP DATABASE IF EXISTS "bilinho_test"[0m
  [1m[35m (1980.5ms)[0m  [1m[35mCREATE DATABASE "bilinho_development" ENCODING = 'unicode'[0m
  [1m[35m (1637.3ms)[0m  [1m[35mCREATE DATABASE "bilinho_test" ENCODING = 'unicode'[0m
  [1m[35m (372.1ms)[0m  [1m[35mCREATE TABLE "schema_migrations" ("version" character varying NOT NULL PRIMARY KEY)[0m
  [1m[35m (379.2ms)[0m  [1m[35mCREATE TABLE "ar_internal_metadata" ("key" character varying NOT NULL PRIMARY KEY, "value" character varying, "created_at" timestamp(6) NOT NULL, "updated_at" timestamp(6) NOT NULL)[0m
  [1m[35m (0.3ms)[0m  [1m[34mSELECT pg_try_advisory_lock(165216560776249920)[0m
  [1m[35m (0.6ms)[0m  [1m[34mSELECT "schema_migrations"."version" FROM "schema_migrations" ORDER BY "schema_migrations"."version" ASC[0m
Migrating to CreateEducationalInstitutions (20210324180312)
  [1m[36mTRANSACTION (0.4ms)[0m  [1m[35mBEGIN[0m
  [1m[35m (357.1ms)[0m  [1m[35mCREATE TABLE "educational_institutions" ("id" bigserial primary key, "name" character varying, "cnpj" character varying, "institution_type" character varying, "created_at" timestamp(6) NOT NULL, "updated_at" timestamp(6) NOT NULL)[0m
  [1m[36mActiveRecord::SchemaMigration Create (0.4ms)[0m  [1m[32mINSERT INTO "schema_migrations" ("version") VALUES ($1) RETURNING "version"[0m  [["version", "20210324180312"]]
  [1m[36mTRANSACTION (36.6ms)[0m  [1m[35mCOMMIT[0m
Migrating to CreateStudents (20210325184926)
  [1m[36mTRANSACTION (0.2ms)[0m  [1m[35mBEGIN[0m
  [1m[35m (362.3ms)[0m  [1m[35mCREATE TABLE "students" ("id" bigserial primary key, "name" character varying, "cpf" character varying, "birthday" date, "cellphone" integer, "gender" character varying, "payment_method" character varying, "created_at" timestamp(6) NOT NULL, "updated_at" timestamp(6) NOT NULL)[0m
  [1m[36mActiveRecord::SchemaMigration Create (0.9ms)[0m  [1m[32mINSERT INTO "schema_migrations" ("version") VALUES ($1) RETURNING "version"[0m  [["version", "20210325184926"]]
  [1m[36mTRANSACTION (36.8ms)[0m  [1m[35mCOMMIT[0m
Migrating to CreateEnrollments (20210330164608)
  [1m[36mTRANSACTION (0.2ms)[0m  [1m[35mBEGIN[0m
  [1m[35m (275.5ms)[0m  [1m[35mCREATE TABLE "enrollments" ("id" bigserial primary key, "value_total" decimal, "installments" integer, "due_date" integer, "course_name" character varying, "educational_institution_id" bigint NOT NULL, "student_id" bigint NOT NULL, "created_at" timestamp(6) NOT NULL, "updated_at" timestamp(6) NOT NULL, CONSTRAINT "fk_rails_63ef88d2c3"
FOREIGN KEY ("educational_institution_id")
  REFERENCES "educational_institutions" ("id")
, CONSTRAINT "fk_rails_f01c555e06"
FOREIGN KEY ("student_id")
  REFERENCES "students" ("id")
)[0m
  [1m[35m (189.5ms)[0m  [1m[35mCREATE INDEX "index_enrollments_on_educational_institution_id" ON "enrollments" ("educational_institution_id")[0m
  [1m[35m (115.3ms)[0m  [1m[35mCREATE INDEX "index_enrollments_on_student_id" ON "enrollments" ("student_id")[0m
  [1m[36mActiveRecord::SchemaMigration Create (0.9ms)[0m  [1m[32mINSERT INTO "schema_migrations" ("version") VALUES ($1) RETURNING "version"[0m  [["version", "20210330164608"]]
  [1m[36mTRANSACTION (40.7ms)[0m  [1m[35mCOMMIT[0m
Migrating to CreatePayments (20210330231619)
  [1m[36mTRANSACTION (0.2ms)[0m  [1m[35mBEGIN[0m
  [1m[35m (332.1ms)[0m  [1m[35mCREATE TABLE "payments" ("id" bigserial primary key, "payment_value" decimal, "due_date" date, "enrollment_id" bigint NOT NULL, "status" character varying DEFAULT 'Aberta', "created_at" timestamp(6) NOT NULL, "updated_at" timestamp(6) NOT NULL, CONSTRAINT "fk_rails_f7dc98b00c"
FOREIGN KEY ("enrollment_id")
  REFERENCES "enrollments" ("id")
)[0m
  [1m[35m (125.7ms)[0m  [1m[35mCREATE INDEX "index_payments_on_enrollment_id" ON "payments" ("enrollment_id")[0m
  [1m[36mActiveRecord::SchemaMigration Create (0.4ms)[0m  [1m[32mINSERT INTO "schema_migrations" ("version") VALUES ($1) RETURNING "version"[0m  [["version", "20210330231619"]]
  [1m[36mTRANSACTION (33.3ms)[0m  [1m[35mCOMMIT[0m
  [1m[36mActiveRecord::InternalMetadata Load (0.3ms)[0m  [1m[34mSELECT "ar_internal_metadata".* FROM "ar_internal_metadata" WHERE "ar_internal_metadata"."key" = $1 LIMIT $2[0m  [["key", "environment"], ["LIMIT", 1]]
  [1m[36mTRANSACTION (0.1ms)[0m  [1m[35mBEGIN[0m
  [1m[36mActiveRecord::InternalMetadata Create (0.4ms)[0m  [1m[32mINSERT INTO "ar_internal_metadata" ("key", "value", "created_at", "updated_at") VALUES ($1, $2, $3, $4) RETURNING "key"[0m  [["key", "environment"], ["value", "development"], ["created_at", "2021-04-06 14:50:21.563362"], ["updated_at", "2021-04-06 14:50:21.563362"]]
  [1m[36mTRANSACTION (31.5ms)[0m  [1m[35mCOMMIT[0m
  [1m[35m (0.9ms)[0m  [1m[34mSELECT pg_advisory_unlock(165216560776249920)[0m
  [1m[35m (0.5ms)[0m  [1m[34mSELECT "schema_migrations"."version" FROM "schema_migrations" ORDER BY "schema_migrations"."version" ASC[0m
  [1m[35m (0.5ms)[0m  [1m[34mSELECT "schema_migrations"."version" FROM "schema_migrations" ORDER BY "schema_migrations"."version" ASC[0m
  [1m[36mTRANSACTION (0.2ms)[0m  [1m[35mBEGIN[0m
  [1m[36mStudent Exists? (0.8ms)[0m  [1m[34mSELECT 1 AS one FROM "students" WHERE "students"."name" = $1 LIMIT $2[0m  [["name", "TeteOliLegends"], ["LIMIT", 1]]
  [1m[36mStudent Exists? (0.3ms)[0m  [1m[34mSELECT 1 AS one FROM "students" WHERE "students"."cpf" = $1 LIMIT $2[0m  [["cpf", "012.345.678-90"], ["LIMIT", 1]]
  [1m[36mTRANSACTION (0.1ms)[0m  [1m[31mROLLBACK[0m
  [1m[36mTRANSACTION (0.1ms)[0m  [1m[35mBEGIN[0m
  [1m[36mEducationalInstitution Exists? (0.4ms)[0m  [1m[34mSELECT 1 AS one FROM "educational_institutions" WHERE "educational_institutions"."name" = $1 LIMIT $2[0m  [["name", "Unip"], ["LIMIT", 1]]
  [1m[36mEducationalInstitution Exists? (0.2ms)[0m  [1m[34mSELECT 1 AS one FROM "educational_institutions" WHERE "educational_institutions"."cnpj" = $1 LIMIT $2[0m  [["cnpj", "06099229000101"], ["LIMIT", 1]]
  [1m[36mEducationalInstitution Create (0.5ms)[0m  [1m[32mINSERT INTO "educational_institutions" ("name", "cnpj", "institution_type", "created_at", "updated_at") VALUES ($1, $2, $3, $4, $5) RETURNING "id"[0m  [["name", "Unip"], ["cnpj", "06099229000101"], ["institution_type", "Universidade"], ["created_at", "2021-04-06 14:57:41.513356"], ["updated_at", "2021-04-06 14:57:41.513356"]]
  [1m[36mTRANSACTION (95.6ms)[0m  [1m[35mCOMMIT[0m
  [1m[36mStudent Load (0.3ms)[0m  [1m[34mSELECT "students".* FROM "students" ORDER BY "students"."id" DESC LIMIT $1[0m  [["LIMIT", 1]]
  [1m[36mEducationalInstitution Load (0.3ms)[0m  [1m[34mSELECT "educational_institutions".* FROM "educational_institutions" ORDER BY "educational_institutions"."id" DESC LIMIT $1[0m  [["LIMIT", 1]]
  [1m[36mStudent Load (0.3ms)[0m  [1m[34mSELECT "students".* FROM "students" ORDER BY "students"."id" DESC LIMIT $1[0m  [["LIMIT", 1]]
  [1m[36mStudent Exists? (2.1ms)[0m  [1m[34mSELECT 1 AS one FROM "students" WHERE "students"."name" = $1 LIMIT $2[0m  [["name", "TeteOliLegends"], ["LIMIT", 1]]
  [1m[36mStudent Exists? (0.4ms)[0m  [1m[34mSELECT 1 AS one FROM "students" WHERE "students"."cpf" = $1 LIMIT $2[0m  [["cpf", "012.345.678-90"], ["LIMIT", 1]]
  [1m[36mTRANSACTION (0.4ms)[0m  [1m[35mBEGIN[0m
  [1m[36mStudent Exists? (4.3ms)[0m  [1m[34mSELECT 1 AS one FROM "students" WHERE "students"."name" = $1 LIMIT $2[0m  [["name", "TeteOliLegends"], ["LIMIT", 1]]
  [1m[36mStudent Exists? (1.2ms)[0m  [1m[34mSELECT 1 AS one FROM "students" WHERE "students"."cpf" = $1 LIMIT $2[0m  [["cpf", "012.345.678-90"], ["LIMIT", 1]]
  [1m[36mTRANSACTION (0.2ms)[0m  [1m[31mROLLBACK[0m
  [1m[36mTRANSACTION (0.2ms)[0m  [1m[35mBEGIN[0m
  [1m[36mStudent Exists? (0.4ms)[0m  [1m[34mSELECT 1 AS one FROM "students" WHERE "students"."name" = $1 LIMIT $2[0m  [["name", "TeteOliLegends"], ["LIMIT", 1]]
  [1m[36mStudent Exists? (0.4ms)[0m  [1m[34mSELECT 1 AS one FROM "students" WHERE "students"."cpf" = $1 LIMIT $2[0m  [["cpf", "01234567890"], ["LIMIT", 1]]
  [1m[36mStudent Create (0.7ms)[0m  [1m[32mINSERT INTO "students" ("name", "cpf", "gender", "payment_method", "created_at", "updated_at") VALUES ($1, $2, $3, $4, $5, $6) RETURNING "id"[0m  [["name", "TeteOliLegends"], ["cpf", "01234567890"], ["gender", "F"], ["payment_method", "Cartao"], ["created_at", "2021-04-06 15:02:31.128682"], ["updated_at", "2021-04-06 15:02:31.128682"]]
  [1m[36mTRANSACTION (67.8ms)[0m  [1m[35mCOMMIT[0m
  [1m[36mEnrollment Load (0.6ms)[0m  [1m[34mSELECT "enrollments".* FROM "enrollments" ORDER BY "enrollments"."id" DESC LIMIT $1[0m  [["LIMIT", 1]]
  [1m[36mTRANSACTION (0.2ms)[0m  [1m[35mBEGIN[0m
  [1m[36mEducationalInstitution Load (0.6ms)[0m  [1m[34mSELECT "educational_institutions".* FROM "educational_institutions" WHERE "educational_institutions"."id" = $1 LIMIT $2[0m  [["id", 1], ["LIMIT", 1]]
  [1m[36mStudent Load (0.2ms)[0m  [1m[34mSELECT "students".* FROM "students" WHERE "students"."id" = $1 LIMIT $2[0m  [["id", 1], ["LIMIT", 1]]
  [1m[36mEnrollment Create (0.9ms)[0m  [1m[32mINSERT INTO "enrollments" ("value_total", "installments", "due_date", "course_name", "educational_institution_id", "student_id", "created_at", "updated_at") VALUES ($1, $2, $3, $4, $5, $6, $7, $8) RETURNING "id"[0m  [["value_total", "1000.0"], ["installments", 10], ["due_date", 15], ["course_name", "ADS"], ["educational_institution_id", 1], ["student_id", 1], ["created_at", "2021-04-06 15:07:04.175580"], ["updated_at", "2021-04-06 15:07:04.175580"]]
  [1m[36mPayment Create (0.6ms)[0m  [1m[32mINSERT INTO "payments" ("payment_value", "due_date", "enrollment_id", "created_at", "updated_at") VALUES ($1, $2, $3, $4, $5) RETURNING "id"[0m  [["payment_value", "100.0"], ["due_date", "2021-04-15"], ["enrollment_id", 1], ["created_at", "2021-04-06 15:07:04.188089"], ["updated_at", "2021-04-06 15:07:04.188089"]]
  [1m[36mPayment Create (0.3ms)[0m  [1m[32mINSERT INTO "payments" ("payment_value", "due_date", "enrollment_id", "created_at", "updated_at") VALUES ($1, $2, $3, $4, $5) RETURNING "id"[0m  [["payment_value", "100.0"], ["due_date", "2021-05-15"], ["enrollment_id", 1], ["created_at", "2021-04-06 15:07:04.190318"], ["updated_at", "2021-04-06 15:07:04.190318"]]
  [1m[36mPayment Create (0.3ms)[0m  [1m[32mINSERT INTO "payments" ("payment_value", "due_date", "enrollment_id", "created_at", "updated_at") VALUES ($1, $2, $3, $4, $5) RETURNING "id"[0m  [["payment_value", "100.0"], ["due_date", "2021-06-15"], ["enrollment_id", 1], ["created_at", "2021-04-06 15:07:04.191912"], ["updated_at", "2021-04-06 15:07:04.191912"]]
  [1m[36mPayment Create (0.6ms)[0m  [1m[32mINSERT INTO "payments" ("payment_value", "due_date", "enrollment_id", "created_at", "updated_at") VALUES ($1, $2, $3, $4, $5) RETURNING "id"[0m  [["payment_value", "100.0"], ["due_date", "2021-07-15"], ["enrollment_id", 1], ["created_at", "2021-04-06 15:07:04.193583"], ["updated_at", "2021-04-06 15:07:04.193583"]]
  [1m[36mPayment Create (0.4ms)[0m  [1m[32mINSERT INTO "payments" ("payment_value", "due_date", "enrollment_id", "created_at", "updated_at") VALUES ($1, $2, $3, $4, $5) RETURNING "id"[0m  [["payment_value", "100.0"], ["due_date", "2021-08-15"], ["enrollment_id", 1], ["created_at", "2021-04-06 15:07:04.196207"], ["updated_at", "2021-04-06 15:07:04.196207"]]
  [1m[36mPayment Create (0.3ms)[0m  [1m[32mINSERT INTO "payments" ("payment_value", "due_date", "enrollment_id", "created_at", "updated_at") VALUES ($1, $2, $3, $4, $5) RETURNING "id"[0m  [["payment_value", "100.0"], ["due_date", "2021-09-15"], ["enrollment_id", 1], ["created_at", "2021-04-06 15:07:04.197792"], ["updated_at", "2021-04-06 15:07:04.197792"]]
  [1m[36mPayment Create (0.3ms)[0m  [1m[32mINSERT INTO "payments" ("payment_value", "due_date", "enrollment_id", "created_at", "updated_at") VALUES ($1, $2, $3, $4, $5) RETURNING "id"[0m  [["payment_value", "100.0"], ["due_date", "2021-10-15"], ["enrollment_id", 1], ["created_at", "2021-04-06 15:07:04.199441"], ["updated_at", "2021-04-06 15:07:04.199441"]]
  [1m[36mPayment Create (0.3ms)[0m  [1m[32mINSERT INTO "payments" ("payment_value", "due_date", "enrollment_id", "created_at", "updated_at") VALUES ($1, $2, $3, $4, $5) RETURNING "id"[0m  [["payment_value", "100.0"], ["due_date", "2021-11-15"], ["enrollment_id", 1], ["created_at", "2021-04-06 15:07:04.201079"], ["updated_at", "2021-04-06 15:07:04.201079"]]
  [1m[36mPayment Create (0.3ms)[0m  [1m[32mINSERT INTO "payments" ("payment_value", "due_date", "enrollment_id", "created_at", "updated_at") VALUES ($1, $2, $3, $4, $5) RETURNING "id"[0m  [["payment_value", "100.0"], ["due_date", "2021-12-15"], ["enrollment_id", 1], ["created_at", "2021-04-06 15:07:04.202505"], ["updated_at", "2021-04-06 15:07:04.202505"]]
  [1m[36mPayment Create (0.3ms)[0m  [1m[32mINSERT INTO "payments" ("payment_value", "due_date", "enrollment_id", "created_at", "updated_at") VALUES ($1, $2, $3, $4, $5) RETURNING "id"[0m  [["payment_value", "100.0"], ["due_date", "2022-01-15"], ["enrollment_id", 1], ["created_at", "2021-04-06 15:07:04.204699"], ["updated_at", "2021-04-06 15:07:04.204699"]]
  [1m[36mTRANSACTION (45.2ms)[0m  [1m[35mCOMMIT[0m
  [1m[35m (0.3ms)[0m  [1m[34mSELECT "schema_migrations"."version" FROM "schema_migrations" ORDER BY "schema_migrations"."version" ASC[0m
  [1m[36mTRANSACTION (0.1ms)[0m  [1m[35mBEGIN[0m
  [1m[36mStudent Exists? (0.4ms)[0m  [1m[34mSELECT 1 AS one FROM "students" WHERE "students"."name" = $1 LIMIT $2[0m  [["name", "TeteOliLegends"], ["LIMIT", 1]]
  [1m[36mStudent Exists? (0.2ms)[0m  [1m[34mSELECT 1 AS one FROM "students" WHERE "students"."cpf" = $1 LIMIT $2[0m  [["cpf", "01234567890"], ["LIMIT", 1]]
  [1m[36mTRANSACTION (0.1ms)[0m  [1m[31mROLLBACK[0m
  [1m[36mTRANSACTION (0.1ms)[0m  [1m[35mBEGIN[0m
  [1m[36mEducationalInstitution Exists? (0.3ms)[0m  [1m[34mSELECT 1 AS one FROM "educational_institutions" WHERE "educational_institutions"."name" = $1 LIMIT $2[0m  [["name", "Unip"], ["LIMIT", 1]]
  [1m[36mEducationalInstitution Exists? (0.2ms)[0m  [1m[34mSELECT 1 AS one FROM "educational_institutions" WHERE "educational_institutions"."cnpj" = $1 LIMIT $2[0m  [["cnpj", "06099229000101"], ["LIMIT", 1]]
  [1m[36mTRANSACTION (0.1ms)[0m  [1m[31mROLLBACK[0m
  [1m[36mTRANSACTION (0.1ms)[0m  [1m[35mBEGIN[0m
  [1m[36mEducationalInstitution Load (0.3ms)[0m  [1m[34mSELECT "educational_institutions".* FROM "educational_institutions" WHERE "educational_institutions"."id" = $1 LIMIT $2[0m  [["id", 1], ["LIMIT", 1]]
  [1m[36mStudent Load (0.1ms)[0m  [1m[34mSELECT "students".* FROM "students" WHERE "students"."id" = $1 LIMIT $2[0m  [["id", 1], ["LIMIT", 1]]
  [1m[36mEnrollment Create (0.7ms)[0m  [1m[32mINSERT INTO "enrollments" ("value_total", "installments", "due_date", "course_name", "educational_institution_id", "student_id", "created_at", "updated_at") VALUES ($1, $2, $3, $4, $5, $6, $7, $8) RETURNING "id"[0m  [["value_total", "1000.0"], ["installments", 10], ["due_date", 15], ["course_name", "ADS"], ["educational_institution_id", 1], ["student_id", 1], ["created_at", "2021-04-06 15:10:33.195110"], ["updated_at", "2021-04-06 15:10:33.195110"]]
  [1m[36mPayment Create (0.7ms)[0m  [1m[32mINSERT INTO "payments" ("payment_value", "due_date", "enrollment_id", "created_at", "updated_at") VALUES ($1, $2, $3, $4, $5) RETURNING "id"[0m  [["payment_value", "100.0"], ["due_date", "2021-04-15"], ["enrollment_id", 2], ["created_at", "2021-04-06 15:10:33.203853"], ["updated_at", "2021-04-06 15:10:33.203853"]]
  ↳ app/models/enrollment.rb:31:in `block in insert_payment'
  [1m[36mPayment Create (0.5ms)[0m  [1m[32mINSERT INTO "payments" ("payment_value", "due_date", "enrollment_id", "created_at", "updated_at") VALUES ($1, $2, $3, $4, $5) RETURNING "id"[0m  [["payment_value", "100.0"], ["due_date", "2021-05-15"], ["enrollment_id", 2], ["created_at", "2021-04-06 15:10:33.206794"], ["updated_at", "2021-04-06 15:10:33.206794"]]
  ↳ app/models/enrollment.rb:31:in `block in insert_payment'
  [1m[36mPayment Create (0.3ms)[0m  [1m[32mINSERT INTO "payments" ("payment_value", "due_date", "enrollment_id", "created_at", "updated_at") VALUES ($1, $2, $3, $4, $5) RETURNING "id"[0m  [["payment_value", "100.0"], ["due_date", "2021-06-15"], ["enrollment_id", 2], ["created_at", "2021-04-06 15:10:33.209202"], ["updated_at", "2021-04-06 15:10:33.209202"]]
  ↳ app/models/enrollment.rb:31:in `block in insert_payment'
  [1m[36mPayment Create (0.4ms)[0m  [1m[32mINSERT INTO "payments" ("payment_value", "due_date", "enrollment_id", "created_at", "updated_at") VALUES ($1, $2, $3, $4, $5) RETURNING "id"[0m  [["payment_value", "100.0"], ["due_date", "2021-07-15"], ["enrollment_id", 2], ["created_at", "2021-04-06 15:10:33.211155"], ["updated_at", "2021-04-06 15:10:33.211155"]]
  ↳ app/models/enrollment.rb:31:in `block in insert_payment'
  [1m[36mPayment Create (0.4ms)[0m  [1m[32mINSERT INTO "payments" ("payment_value", "due_date", "enrollment_id", "created_at", "updated_at") VALUES ($1, $2, $3, $4, $5) RETURNING "id"[0m  [["payment_value", "100.0"], ["due_date", "2021-08-15"], ["enrollment_id", 2], ["created_at", "2021-04-06 15:10:33.213085"], ["updated_at", "2021-04-06 15:10:33.213085"]]
  ↳ app/models/enrollment.rb:31:in `block in insert_payment'
  [1m[36mPayment Create (0.3ms)[0m  [1m[32mINSERT INTO "payments" ("payment_value", "due_date", "enrollment_id", "created_at", "updated_at") VALUES ($1, $2, $3, $4, $5) RETURNING "id"[0m  [["payment_value", "100.0"], ["due_date", "2021-09-15"], ["enrollment_id", 2], ["created_at", "2021-04-06 15:10:33.215437"], ["updated_at", "2021-04-06 15:10:33.215437"]]
  ↳ app/models/enrollment.rb:31:in `block in insert_payment'
  [1m[36mPayment Create (0.3ms)[0m  [1m[32mINSERT INTO "payments" ("payment_value", "due_date", "enrollment_id", "created_at", "updated_at") VALUES ($1, $2, $3, $4, $5) RETURNING "id"[0m  [["payment_value", "100.0"], ["due_date", "2021-10-15"], ["enrollment_id", 2], ["created_at", "2021-04-06 15:10:33.217578"], ["updated_at", "2021-04-06 15:10:33.217578"]]
  ↳ app/models/enrollment.rb:31:in `block in insert_payment'
  [1m[36mPayment Create (0.3ms)[0m  [1m[32mINSERT INTO "payments" ("payment_value", "due_date", "enrollment_id", "created_at", "updated_at") VALUES ($1, $2, $3, $4, $5) RETURNING "id"[0m  [["payment_value", "100.0"], ["due_date", "2021-11-15"], ["enrollment_id", 2], ["created_at", "2021-04-06 15:10:33.219825"], ["updated_at", "2021-04-06 15:10:33.219825"]]
  ↳ app/models/enrollment.rb:31:in `block in insert_payment'
  [1m[36mPayment Create (0.3ms)[0m  [1m[32mINSERT INTO "payments" ("payment_value", "due_date", "enrollment_id", "created_at", "updated_at") VALUES ($1, $2, $3, $4, $5) RETURNING "id"[0m  [["payment_value", "100.0"], ["due_date", "2021-12-15"], ["enrollment_id", 2], ["created_at", "2021-04-06 15:10:33.221662"], ["updated_at", "2021-04-06 15:10:33.221662"]]
  ↳ app/models/enrollment.rb:31:in `block in insert_payment'
  [1m[36mPayment Create (0.3ms)[0m  [1m[32mINSERT INTO "payments" ("payment_value", "due_date", "enrollment_id", "created_at", "updated_at") VALUES ($1, $2, $3, $4, $5) RETURNING "id"[0m  [["payment_value", "100.0"], ["due_date", "2022-01-15"], ["enrollment_id", 2], ["created_at", "2021-04-06 15:10:33.223151"], ["updated_at", "2021-04-06 15:10:33.223151"]]
  ↳ app/models/enrollment.rb:31:in `block in insert_payment'
  [1m[36mTRANSACTION (101.6ms)[0m  [1m[35mCOMMIT[0m
  [1m[35m (0.4ms)[0m  [1m[34mSELECT "schema_migrations"."version" FROM "schema_migrations" ORDER BY "schema_migrations"."version" ASC[0m
  [1m[36mTRANSACTION (0.1ms)[0m  [1m[35mBEGIN[0m
  [1m[36mStudent Exists? (0.4ms)[0m  [1m[34mSELECT 1 AS one FROM "students" WHERE "students"."name" = $1 LIMIT $2[0m  [["name", "TeteOliLegends"], ["LIMIT", 1]]
  [1m[36mStudent Exists? (0.2ms)[0m  [1m[34mSELECT 1 AS one FROM "students" WHERE "students"."cpf" = $1 LIMIT $2[0m  [["cpf", "01234567890"], ["LIMIT", 1]]
  [1m[36mTRANSACTION (0.1ms)[0m  [1m[31mROLLBACK[0m
  [1m[36mTRANSACTION (0.1ms)[0m  [1m[35mBEGIN[0m
  [1m[36mEducationalInstitution Exists? (0.3ms)[0m  [1m[34mSELECT 1 AS one FROM "educational_institutions" WHERE "educational_institutions"."name" = $1 LIMIT $2[0m  [["name", "Unip"], ["LIMIT", 1]]
  [1m[36mEducationalInstitution Exists? (0.3ms)[0m  [1m[34mSELECT 1 AS one FROM "educational_institutions" WHERE "educational_institutions"."cnpj" = $1 LIMIT $2[0m  [["cnpj", "06099229000101"], ["LIMIT", 1]]
  [1m[36mTRANSACTION (0.1ms)[0m  [1m[31mROLLBACK[0m
  [1m[36mTRANSACTION (0.2ms)[0m  [1m[35mBEGIN[0m
  [1m[36mEducationalInstitution Load (0.2ms)[0m  [1m[34mSELECT "educational_institutions".* FROM "educational_institutions" WHERE "educational_institutions"."id" = $1 LIMIT $2[0m  [["id", 1], ["LIMIT", 1]]
  [1m[36mStudent Load (0.2ms)[0m  [1m[34mSELECT "students".* FROM "students" WHERE "students"."id" = $1 LIMIT $2[0m  [["id", 1], ["LIMIT", 1]]
  [1m[36mEnrollment Create (0.6ms)[0m  [1m[32mINSERT INTO "enrollments" ("value_total", "installments", "due_date", "course_name", "educational_institution_id", "student_id", "created_at", "updated_at") VALUES ($1, $2, $3, $4, $5, $6, $7, $8) RETURNING "id"[0m  [["value_total", "1000.0"], ["installments", 10], ["due_date", 15], ["course_name", "ADS"], ["educational_institution_id", 1], ["student_id", 1], ["created_at", "2021-04-06 15:13:52.387101"], ["updated_at", "2021-04-06 15:13:52.387101"]]
  [1m[36mPayment Create (0.5ms)[0m  [1m[32mINSERT INTO "payments" ("payment_value", "due_date", "enrollment_id", "created_at", "updated_at") VALUES ($1, $2, $3, $4, $5) RETURNING "id"[0m  [["payment_value", "100.0"], ["due_date", "2021-04-15"], ["enrollment_id", 3], ["created_at", "2021-04-06 15:13:52.396744"], ["updated_at", "2021-04-06 15:13:52.396744"]]
  ↳ app/models/enrollment.rb:31:in `block in insert_payment'
  [1m[36mPayment Create (0.4ms)[0m  [1m[32mINSERT INTO "payments" ("payment_value", "due_date", "enrollment_id", "created_at", "updated_at") VALUES ($1, $2, $3, $4, $5) RETURNING "id"[0m  [["payment_value", "100.0"], ["due_date", "2021-05-15"], ["enrollment_id", 3], ["created_at", "2021-04-06 15:13:52.398705"], ["updated_at", "2021-04-06 15:13:52.398705"]]
  ↳ app/models/enrollment.rb:31:in `block in insert_payment'
  [1m[36mPayment Create (0.3ms)[0m  [1m[32mINSERT INTO "payments" ("payment_value", "due_date", "enrollment_id", "created_at", "updated_at") VALUES ($1, $2, $3, $4, $5) RETURNING "id"[0m  [["payment_value", "100.0"], ["due_date", "2021-06-15"], ["enrollment_id", 3], ["created_at", "2021-04-06 15:13:52.400384"], ["updated_at", "2021-04-06 15:13:52.400384"]]
  ↳ app/models/enrollment.rb:31:in `block in insert_payment'
  [1m[36mPayment Create (0.3ms)[0m  [1m[32mINSERT INTO "payments" ("payment_value", "due_date", "enrollment_id", "created_at", "updated_at") VALUES ($1, $2, $3, $4, $5) RETURNING "id"[0m  [["payment_value", "100.0"], ["due_date", "2021-07-15"], ["enrollment_id", 3], ["created_at", "2021-04-06 15:13:52.401869"], ["updated_at", "2021-04-06 15:13:52.401869"]]
  ↳ app/models/enrollment.rb:31:in `block in insert_payment'
  [1m[36mPayment Create (0.3ms)[0m  [1m[32mINSERT INTO "payments" ("payment_value", "due_date", "enrollment_id", "created_at", "updated_at") VALUES ($1, $2, $3, $4, $5) RETURNING "id"[0m  [["payment_value", "100.0"], ["due_date", "2021-08-15"], ["enrollment_id", 3], ["created_at", "2021-04-06 15:13:52.403378"], ["updated_at", "2021-04-06 15:13:52.403378"]]
  ↳ app/models/enrollment.rb:31:in `block in insert_payment'
  [1m[36mPayment Create (0.3ms)[0m  [1m[32mINSERT INTO "payments" ("payment_value", "due_date", "enrollment_id", "created_at", "updated_at") VALUES ($1, $2, $3, $4, $5) RETURNING "id"[0m  [["payment_value", "100.0"], ["due_date", "2021-09-15"], ["enrollment_id", 3], ["created_at", "2021-04-06 15:13:52.405253"], ["updated_at", "2021-04-06 15:13:52.405253"]]
  ↳ app/models/enrollment.rb:31:in `block in insert_payment'
  [1m[36mPayment Create (0.3ms)[0m  [1m[32mINSERT INTO "payments" ("payment_value", "due_date", "enrollment_id", "created_at", "updated_at") VALUES ($1, $2, $3, $4, $5) RETURNING "id"[0m  [["payment_value", "100.0"], ["due_date", "2021-10-15"], ["enrollment_id", 3], ["created_at", "2021-04-06 15:13:52.407174"], ["updated_at", "2021-04-06 15:13:52.407174"]]
  ↳ app/models/enrollment.rb:31:in `block in insert_payment'
  [1m[36mPayment Create (0.3ms)[0m  [1m[32mINSERT INTO "payments" ("payment_value", "due_date", "enrollment_id", "created_at", "updated_at") VALUES ($1, $2, $3, $4, $5) RETURNING "id"[0m  [["payment_value", "100.0"], ["due_date", "2021-11-15"], ["enrollment_id", 3], ["created_at", "2021-04-06 15:13:52.409277"], ["updated_at", "2021-04-06 15:13:52.409277"]]
  ↳ app/models/enrollment.rb:31:in `block in insert_payment'
  [1m[36mPayment Create (0.2ms)[0m  [1m[32mINSERT INTO "payments" ("payment_value", "due_date", "enrollment_id", "created_at", "updated_at") VALUES ($1, $2, $3, $4, $5) RETURNING "id"[0m  [["payment_value", "100.0"], ["due_date", "2021-12-15"], ["enrollment_id", 3], ["created_at", "2021-04-06 15:13:52.410949"], ["updated_at", "2021-04-06 15:13:52.410949"]]
  ↳ app/models/enrollment.rb:31:in `block in insert_payment'
  [1m[36mPayment Create (0.2ms)[0m  [1m[32mINSERT INTO "payments" ("payment_value", "due_date", "enrollment_id", "created_at", "updated_at") VALUES ($1, $2, $3, $4, $5) RETURNING "id"[0m  [["payment_value", "100.0"], ["due_date", "2022-01-15"], ["enrollment_id", 3], ["created_at", "2021-04-06 15:13:52.412574"], ["updated_at", "2021-04-06 15:13:52.412574"]]
  ↳ app/models/enrollment.rb:31:in `block in insert_payment'
  [1m[36mTRANSACTION (92.1ms)[0m  [1m[35mCOMMIT[0m
